2022-05-17 14:08:51,931 INFO  StartupInfoLogger:55 - [] Starting CarWashWasherApplication using Java 17.0.1 on Rahulchowdary with PID 8024 (C:\Users\dell\OneDrive\Desktop\carwash project\On-Demand-Car-Wash-System-main\CarWashWasher\target\classes started by dell in C:\Users\dell\OneDrive\Desktop\carwash project\On-Demand-Car-Wash-System-main\CarWashWasher)
2022-05-17 14:08:51,958 INFO  SpringApplication:640 - [] No active profile set, falling back to 1 default profile: "default"
2022-05-17 14:08:56,136 INFO  RepositoryConfigurationDelegate:132 - [] Bootstrapping Spring Data MongoDB repositories in DEFAULT mode.
2022-05-17 14:08:58,515 INFO  RepositoryConfigurationDelegate:201 - [] Finished Spring Data repository scanning in 2336 ms. Found 1 MongoDB repository interfaces.
2022-05-17 14:08:59,447 INFO  GenericScope:283 - [] BeanFactory id=ef9c2355-1173-3450-9e23-346049d5ba32
2022-05-17 14:09:02,544 INFO  TomcatWebServer:108 - [] Tomcat initialized with port(s): 9004 (http)
2022-05-17 14:09:02,572 INFO  DirectJDKLog:173 - [] Starting service [Tomcat]
2022-05-17 14:09:02,573 INFO  DirectJDKLog:173 - [] Starting Servlet engine: [Apache Tomcat/9.0.60]
2022-05-17 14:09:03,478 INFO  DirectJDKLog:173 - [] Initializing Spring embedded WebApplicationContext
2022-05-17 14:09:03,486 INFO  ServletWebServerApplicationContext:290 - [] Root WebApplicationContext: initialization completed in 11259 ms
2022-05-17 14:09:04,661 INFO  SLF4JLogger:71 - [] Cluster created with settings {hosts=[localhost:27017], mode=SINGLE, requiredClusterType=UNKNOWN, serverSelectionTimeout='30000 ms'}
2022-05-17 14:09:04,883 INFO  SLF4JLogger:71 - [] Opened connection [connectionId{localValue:2, serverValue:129}] to localhost:27017
2022-05-17 14:09:04,887 INFO  SLF4JLogger:71 - [] Opened connection [connectionId{localValue:1, serverValue:128}] to localhost:27017
2022-05-17 14:09:04,892 INFO  SLF4JLogger:71 - [] Monitor thread successfully connected to server with description ServerDescription{address=localhost:27017, type=STANDALONE, state=CONNECTED, ok=true, minWireVersion=0, maxWireVersion=13, maxDocumentSize=16777216, logicalSessionTimeoutMinutes=30, roundTripTimeNanos=74518000}
2022-05-17 14:09:05,072 WARN  CustomConversions:261 - [] Registering converter from class java.time.LocalDateTime to class org.joda.time.LocalDateTime as reading converter although it doesn't convert from a store-supported type! You might want to check your annotation setup at the converter implementation.
2022-05-17 14:09:05,414 WARN  CustomConversions:261 - [] Registering converter from class java.time.LocalDateTime to class org.joda.time.LocalDateTime as reading converter although it doesn't convert from a store-supported type! You might want to check your annotation setup at the converter implementation.
2022-05-17 14:09:08,590 INFO  DiscoveryClientOptionalArgsConfiguration:68 - [] Eureka HTTP Client uses RestTemplate.
2022-05-17 14:09:09,190 WARN  LoadBalancerCacheAutoConfiguration$LoadBalancerCaffeineWarnLogger:82 - [] Spring Cloud LoadBalancer is currently working with the default cache. While this cache implementation is useful for development and tests, it's recommended to use Caffeine cache in production.You can switch to using Caffeine cache, by adding it and org.springframework.cache.caffeine.CaffeineCacheManager to the classpath.
2022-05-17 14:09:09,318 INFO  InstanceInfoFactory:67 - [] Setting initial instance status as: STARTING
2022-05-17 14:09:09,628 INFO  DiscoveryClient:372 - [] Initializing Eureka in region us-east-1
2022-05-17 14:09:09,649 INFO  ConfigClusterResolver:43 - [] Resolving eureka endpoints via configuration
2022-05-17 14:09:09,732 INFO  DiscoveryClient:1007 - [] Disable delta property : false
2022-05-17 14:09:09,733 INFO  DiscoveryClient:1008 - [] Single vip registry refresh property : null
2022-05-17 14:09:09,734 INFO  DiscoveryClient:1009 - [] Force full registry fetch : false
2022-05-17 14:09:09,735 INFO  DiscoveryClient:1010 - [] Application is null : false
2022-05-17 14:09:09,736 INFO  DiscoveryClient:1011 - [] Registered Applications size is zero : true
2022-05-17 14:09:09,739 INFO  DiscoveryClient:1013 - [] Application version is -1: true
2022-05-17 14:09:09,740 INFO  DiscoveryClient:1097 - [] Getting all instance registry info from the eureka server
2022-05-17 14:09:11,454 INFO  DiscoveryClient:1106 - [] The response status is 200
2022-05-17 14:09:11,471 INFO  DiscoveryClient:1321 - [] Starting heartbeat executor: renew interval is: 30
2022-05-17 14:09:11,483 INFO  InstanceInfoReplicator:60 - [] InstanceInfoReplicator onDemand update allowed rate per min is 4
2022-05-17 14:09:11,509 INFO  DiscoveryClient:492 - [] Discovery Client initialized at timestamp 1652776751507 with initial instances count: 3
2022-05-17 14:09:11,512 INFO  EurekaServiceRegistry:41 - [] Registering application WASHER-MICROSERVICE with eureka with status UP
2022-05-17 14:09:11,515 INFO  DiscoveryClient$3:1352 - [] Saw local status change event StatusChangeEvent [timestamp=1652776751515, current=UP, previous=STARTING]
2022-05-17 14:09:11,521 INFO  DiscoveryClient:873 - [] DiscoveryClient_WASHER-MICROSERVICE/host.docker.internal:washer-microservice:9004: registering service...
2022-05-17 14:09:11,675 INFO  TomcatWebServer:220 - [] Tomcat started on port(s): 9004 (http) with context path ''
2022-05-17 14:09:11,678 INFO  EurekaAutoServiceRegistration:144 - [] Updating port to 9004
2022-05-17 14:09:11,741 INFO  DiscoveryClient:882 - [] DiscoveryClient_WASHER-MICROSERVICE/host.docker.internal:washer-microservice:9004 - registration status: 204
2022-05-17 14:09:12,529 INFO  StartupInfoLogger:61 - [] Started CarWashWasherApplication in 23.102 seconds (JVM running for 25.104)
2022-05-17 14:14:10,070 INFO  ConfigClusterResolver:43 - [] Resolving eureka endpoints via configuration
2022-05-17 14:19:10,249 INFO  ConfigClusterResolver:43 - [] Resolving eureka endpoints via configuration
2022-05-17 14:24:10,317 INFO  ConfigClusterResolver:43 - [] Resolving eureka endpoints via configuration
2022-05-17 14:29:10,331 INFO  ConfigClusterResolver:43 - [] Resolving eureka endpoints via configuration
2022-05-17 14:34:10,348 INFO  ConfigClusterResolver:43 - [] Resolving eureka endpoints via configuration
2022-05-17 14:39:10,508 INFO  ConfigClusterResolver:43 - [] Resolving eureka endpoints via configuration
2022-05-17 14:44:10,901 INFO  ConfigClusterResolver:43 - [] Resolving eureka endpoints via configuration
2022-05-17 14:49:14,481 INFO  ConfigClusterResolver:43 - [] Resolving eureka endpoints via configuration
2022-05-17 14:54:15,768 INFO  ConfigClusterResolver:43 - [] Resolving eureka endpoints via configuration
2022-05-17 14:59:15,948 INFO  ConfigClusterResolver:43 - [] Resolving eureka endpoints via configuration
2022-05-17 15:04:16,054 INFO  ConfigClusterResolver:43 - [] Resolving eureka endpoints via configuration
2022-05-17 15:09:16,338 INFO  ConfigClusterResolver:43 - [] Resolving eureka endpoints via configuration
2022-05-17 15:14:16,744 INFO  ConfigClusterResolver:43 - [] Resolving eureka endpoints via configuration
2022-05-17 15:19:17,443 INFO  ConfigClusterResolver:43 - [] Resolving eureka endpoints via configuration
2022-05-17 15:24:17,549 INFO  ConfigClusterResolver:43 - [] Resolving eureka endpoints via configuration
2022-05-17 15:29:17,612 INFO  ConfigClusterResolver:43 - [] Resolving eureka endpoints via configuration
